<?xml version="1.0" encoding="UTF-8"?>
<!-- Generated by org.testng.reporters.JUnitReportReporter -->
<testsuite hostname="DESKTOP-DOIAM5Q" failures="0" tests="2" name="annonationsandflags.Flag2" time="0.018" errors="0" timestamp="2023-07-20T15:31:44 IST" skipped="1">
  <testcase classname="annonationsandflags.Flag2" name="method2" time="0.018">
    <system-out>
      <![CDATA[this is the method2]]>
    </system-out>
  </testcase> <!-- method2 -->
  <testcase classname="annonationsandflags.Flag2" name="method1">
    <skipped/>
  </testcase> <!-- method1 -->
  <system-out>
    <![CDATA[this is the method2]]>
  </system-out>
</testsuite> <!-- annonationsandflags.Flag2 -->
