<?xml version="1.0" encoding="UTF-8"?>
<!-- Generated by org.testng.reporters.JUnitReportReporter -->
<testsuite hostname="DESKTOP-DOIAM5Q" failures="0" tests="9" name="annonationsandflags.Privority_Flag4" time="0.070" errors="0" timestamp="2023-07-22T14:44:12 IST" skipped="0">
  <testcase classname="annonationsandflags.Privority_Flag4" name="i" time="0.021"/>
  <testcase classname="annonationsandflags.Privority_Flag4" name="j" time="0.004"/>
  <testcase classname="annonationsandflags.Privority_Flag4" name="z" time="0.003"/>
  <testcase classname="annonationsandflags.Privority_Flag4" name="u" time="0.003"/>
  <testcase classname="annonationsandflags.Privority_Flag4" name="q" time="0.003"/>
  <testcase classname="annonationsandflags.Privority_Flag4" name="a" time="0.016"/>
  <testcase classname="annonationsandflags.Privority_Flag4" name="w" time="0.006"/>
  <testcase classname="annonationsandflags.Privority_Flag4" name="o" time="0.003"/>
  <testcase classname="annonationsandflags.Privority_Flag4" name="f" time="0.011"/>
</testsuite> <!-- annonationsandflags.Privority_Flag4 -->
