<?xml version="1.0" encoding="UTF-8"?>
<!-- Generated by org.testng.reporters.JUnitReportReporter -->
<testsuite hostname="DESKTOP-DOIAM5Q" failures="0" tests="3" name="annonationsandflags.dependancy_Flag5" time="0.030" errors="0" timestamp="2023-07-22T15:07:27 IST" skipped="0">
  <testcase classname="annonationsandflags.dependancy_Flag5" name="loginmehod" time="0.019"/>
  <testcase classname="annonationsandflags.dependancy_Flag5" name="logoutMethod" time="0.008"/>
  <testcase classname="annonationsandflags.dependancy_Flag5" name="createUserMethod" time="0.003"/>
</testsuite> <!-- annonationsandflags.dependancy_Flag5 -->
