<?xml version="1.0" encoding="UTF-8"?>
<!-- Generated by org.testng.reporters.JUnitReportReporter -->
<testsuite hostname="DESKTOP-DOIAM5Q" failures="0" tests="1" name="annonationsandflags.Flag1" time="0.018" errors="0" timestamp="2023-07-20T15:20:05 IST" skipped="0">
  <testcase classname="annonationsandflags.Flag1" name="method1" time="0.018">
    <system-out>
      <![CDATA[method 1 from flag1]]>
    </system-out>
  </testcase> <!-- method1 -->
  <system-out>
    <![CDATA[method 1 from flag1
method 2 from flag1]]>
  </system-out>
</testsuite> <!-- annonationsandflags.Flag1 -->
