<?xml version="1.0" encoding="UTF-8"?>
<!-- Generated by org.testng.reporters.JUnitReportReporter -->
<testsuite hostname="DESKTOP-DOIAM5Q" failures="0" tests="2" name="testNGPack2.Demo" time="0.030" errors="0" timestamp="2023-07-18T14:34:26 IST" skipped="0">
  <testcase classname="testNGPack2.Demo" name="method2" time="0.012">
    <system-out>
      <![CDATA[This is the method2]]>
    </system-out>
  </testcase> <!-- method2 -->
  <testcase classname="testNGPack2.Demo" name="method1" time="0.018">
    <system-out>
      <![CDATA[This is the method1]]>
    </system-out>
  </testcase> <!-- method1 -->
  <system-out>
    <![CDATA[This is the method1
This is the method2
This is the method3
This is the method4
This is the method5
This is the method6]]>
  </system-out>
</testsuite> <!-- testNGPack2.Demo -->
