<?xml version="1.0" encoding="UTF-8"?>
<!-- Generated by org.testng.reporters.JUnitReportReporter -->
<testsuite hostname="DESKTOP-DOIAM5Q" failures="0" tests="30" name="annonationsandflags.dependsOnGroup_Flag7" time="0.167" errors="0" timestamp="2023-07-22T15:35:53 IST" skipped="0">
  <testcase classname="annonationsandflags.dependsOnGroup_Flag7" name="ft2" time="0.005">
    <system-out>
      <![CDATA[FTC2]]>
    </system-out>
  </testcase> <!-- ft2 -->
  <testcase classname="annonationsandflags.dependsOnGroup_Flag7" name="it3" time="0.006">
    <system-out>
      <![CDATA[itc3]]>
    </system-out>
  </testcase> <!-- it3 -->
  <testcase classname="annonationsandflags.dependsOnGroup_Flag7" name="it10" time="0.005">
    <system-out>
      <![CDATA[itc10]]>
    </system-out>
  </testcase> <!-- it10 -->
  <testcase classname="annonationsandflags.dependsOnGroup_Flag7" name="st2" time="0.006">
    <system-out>
      <![CDATA[stc2]]>
    </system-out>
  </testcase> <!-- st2 -->
  <testcase classname="annonationsandflags.dependsOnGroup_Flag7" name="ft1" time="0.020">
    <system-out>
      <![CDATA[FTC1]]>
    </system-out>
  </testcase> <!-- ft1 -->
  <testcase classname="annonationsandflags.dependsOnGroup_Flag7" name="st1" time="0.002">
    <system-out>
      <![CDATA[stc1]]>
    </system-out>
  </testcase> <!-- st1 -->
  <testcase classname="annonationsandflags.dependsOnGroup_Flag7" name="it8" time="0.006">
    <system-out>
      <![CDATA[itc8]]>
    </system-out>
  </testcase> <!-- it8 -->
  <testcase classname="annonationsandflags.dependsOnGroup_Flag7" name="st7" time="0.002">
    <system-out>
      <![CDATA[stc7]]>
    </system-out>
  </testcase> <!-- st7 -->
  <testcase classname="annonationsandflags.dependsOnGroup_Flag7" name="it5" time="0.006">
    <system-out>
      <![CDATA[itc5]]>
    </system-out>
  </testcase> <!-- it5 -->
  <testcase classname="annonationsandflags.dependsOnGroup_Flag7" name="st10" time="0.009">
    <system-out>
      <![CDATA[stc10]]>
    </system-out>
  </testcase> <!-- st10 -->
  <testcase classname="annonationsandflags.dependsOnGroup_Flag7" name="ft3" time="0.006">
    <system-out>
      <![CDATA[FTC3]]>
    </system-out>
  </testcase> <!-- ft3 -->
  <testcase classname="annonationsandflags.dependsOnGroup_Flag7" name="it1" time="0.009">
    <system-out>
      <![CDATA[itc1]]>
    </system-out>
  </testcase> <!-- it1 -->
  <testcase classname="annonationsandflags.dependsOnGroup_Flag7" name="ft6" time="0.005">
    <system-out>
      <![CDATA[FTC6]]>
    </system-out>
  </testcase> <!-- ft6 -->
  <testcase classname="annonationsandflags.dependsOnGroup_Flag7" name="st5" time="0.007">
    <system-out>
      <![CDATA[stc5]]>
    </system-out>
  </testcase> <!-- st5 -->
  <testcase classname="annonationsandflags.dependsOnGroup_Flag7" name="st4" time="0.009">
    <system-out>
      <![CDATA[stc4]]>
    </system-out>
  </testcase> <!-- st4 -->
  <testcase classname="annonationsandflags.dependsOnGroup_Flag7" name="st3" time="0.004">
    <system-out>
      <![CDATA[stc3]]>
    </system-out>
  </testcase> <!-- st3 -->
  <testcase classname="annonationsandflags.dependsOnGroup_Flag7" name="ft8" time="0.003">
    <system-out>
      <![CDATA[FTC8]]>
    </system-out>
  </testcase> <!-- ft8 -->
  <testcase classname="annonationsandflags.dependsOnGroup_Flag7" name="it6" time="0.005">
    <system-out>
      <![CDATA[itc6]]>
    </system-out>
  </testcase> <!-- it6 -->
  <testcase classname="annonationsandflags.dependsOnGroup_Flag7" name="it2" time="0.004">
    <system-out>
      <![CDATA[itc2]]>
    </system-out>
  </testcase> <!-- it2 -->
  <testcase classname="annonationsandflags.dependsOnGroup_Flag7" name="ft24" time="0.004">
    <system-out>
      <![CDATA[FTC4]]>
    </system-out>
  </testcase> <!-- ft24 -->
  <testcase classname="annonationsandflags.dependsOnGroup_Flag7" name="ft9" time="0.003">
    <system-out>
      <![CDATA[FTC9]]>
    </system-out>
  </testcase> <!-- ft9 -->
  <testcase classname="annonationsandflags.dependsOnGroup_Flag7" name="it4" time="0.004">
    <system-out>
      <![CDATA[itc4]]>
    </system-out>
  </testcase> <!-- it4 -->
  <testcase classname="annonationsandflags.dependsOnGroup_Flag7" name="it9" time="0.004">
    <system-out>
      <![CDATA[itc9]]>
    </system-out>
  </testcase> <!-- it9 -->
  <testcase classname="annonationsandflags.dependsOnGroup_Flag7" name="st9" time="0.005">
    <system-out>
      <![CDATA[stc9]]>
    </system-out>
  </testcase> <!-- st9 -->
  <testcase classname="annonationsandflags.dependsOnGroup_Flag7" name="ft5" time="0.007">
    <system-out>
      <![CDATA[FTC5]]>
    </system-out>
  </testcase> <!-- ft5 -->
  <testcase classname="annonationsandflags.dependsOnGroup_Flag7" name="ft10" time="0.005">
    <system-out>
      <![CDATA[FTC10]]>
    </system-out>
  </testcase> <!-- ft10 -->
  <testcase classname="annonationsandflags.dependsOnGroup_Flag7" name="it7" time="0.002">
    <system-out>
      <![CDATA[itc7]]>
    </system-out>
  </testcase> <!-- it7 -->
  <testcase classname="annonationsandflags.dependsOnGroup_Flag7" name="st8" time="0.007">
    <system-out>
      <![CDATA[stc8]]>
    </system-out>
  </testcase> <!-- st8 -->
  <testcase classname="annonationsandflags.dependsOnGroup_Flag7" name="ft7" time="0.003">
    <system-out>
      <![CDATA[FTC7]]>
    </system-out>
  </testcase> <!-- ft7 -->
  <testcase classname="annonationsandflags.dependsOnGroup_Flag7" name="st6" time="0.004">
    <system-out>
      <![CDATA[stc6]]>
    </system-out>
  </testcase> <!-- st6 -->
  <system-out>
    <![CDATA[FTC1
FTC10
FTC2
FTC4
FTC3
FTC5
FTC6
FTC7
FTC8
FTC9
itc1
itc10
itc2
itc3
itc4
itc5
itc6
itc7
itc8
itc9
stc1
stc10
stc2
stc3
stc4
stc5
stc6
stc7
stc8
stc9]]>
  </system-out>
</testsuite> <!-- annonationsandflags.dependsOnGroup_Flag7 -->
