<?xml version="1.0" encoding="UTF-8"?>
<!-- Generated by org.testng.reporters.JUnitReportReporter -->
<testsuite hostname="DESKTOP-DOIAM5Q" failures="0" tests="10" name="annonationsandflags.Innvocation_Flag" time="0.065" errors="0" timestamp="2023-07-22T14:22:22 IST" skipped="0">
  <testcase classname="annonationsandflags.Innvocation_Flag" name="method1" time="0.007">
    <system-out>
      <![CDATA[this is method 1]]>
    </system-out>
  </testcase> <!-- method1 -->
  <testcase classname="annonationsandflags.Innvocation_Flag" name="method1" time="0.007">
    <system-out>
      <![CDATA[this is method 1]]>
    </system-out>
  </testcase> <!-- method1 -->
  <testcase classname="annonationsandflags.Innvocation_Flag" name="method1" time="0.003">
    <system-out>
      <![CDATA[this is method 1]]>
    </system-out>
  </testcase> <!-- method1 -->
  <testcase classname="annonationsandflags.Innvocation_Flag" name="method1" time="0.005">
    <system-out>
      <![CDATA[this is method 1]]>
    </system-out>
  </testcase> <!-- method1 -->
  <testcase classname="annonationsandflags.Innvocation_Flag" name="method1" time="0.007">
    <system-out>
      <![CDATA[this is method 1]]>
    </system-out>
  </testcase> <!-- method1 -->
  <testcase classname="annonationsandflags.Innvocation_Flag" name="method1" time="0.005">
    <system-out>
      <![CDATA[this is method 1]]>
    </system-out>
  </testcase> <!-- method1 -->
  <testcase classname="annonationsandflags.Innvocation_Flag" name="method1" time="0.006">
    <system-out>
      <![CDATA[this is method 1]]>
    </system-out>
  </testcase> <!-- method1 -->
  <testcase classname="annonationsandflags.Innvocation_Flag" name="method1" time="0.003">
    <system-out>
      <![CDATA[this is method 1]]>
    </system-out>
  </testcase> <!-- method1 -->
  <testcase classname="annonationsandflags.Innvocation_Flag" name="method1" time="0.019">
    <system-out>
      <![CDATA[this is method 1]]>
    </system-out>
  </testcase> <!-- method1 -->
  <testcase classname="annonationsandflags.Innvocation_Flag" name="method1" time="0.003">
    <system-out>
      <![CDATA[this is method 1]]>
    </system-out>
  </testcase> <!-- method1 -->
  <system-out>
    <![CDATA[this is method 1
this is method 1
this is method 1
this is method 1
this is method 1
this is method 1
this is method 1
this is method 1
this is method 1
this is method 1]]>
  </system-out>
</testsuite> <!-- annonationsandflags.Innvocation_Flag -->
